2025-03-02T01:11:23,376 [INFO]  [AnnotationConfigContextLoaderUtils]:[83]- Could not detect default configuration classes for test class [com.keysolbo.axsservice.AxsServiceApplicationTests]: AxsServiceApplicationTests does not declare any static, non-private, non-final, nested classes annotated with @Configuration.
2025-03-02T01:11:23,858 [INFO]  [SpringBootTestContextBootstrapper]:[234]- Found @SpringBootConfiguration com.keysolbo.axsservice.AxsServiceApplication for test class com.keysolbo.axsservice.AxsServiceApplicationTests
2025-03-02T01:11:25,696 [INFO]  [AxsServiceApplicationTests]:[50]- Starting AxsServiceApplicationTests using Java 17.0.7 with PID 15160 (started by rquiroz in c:\workspace\nuevatel_2025\personal\new_account\axs-service)
2025-03-02T01:11:25,755 [INFO]  [AxsServiceApplicationTests]:[654]- No active profile set, falling back to 1 default profile: "default"
2025-03-02T01:11:31,092 [INFO]  [HikariDataSource]:[110]- HikariPool-1 - Starting...
2025-03-02T01:11:34,398 [INFO]  [HikariPool]:[565]- HikariPool-1 - Added connection com.mysql.cj.jdbc.ConnectionImpl@13dc6649
2025-03-02T01:11:34,399 [INFO]  [HikariDataSource]:[123]- HikariPool-1 - Start completed.
2025-03-02T01:11:35,072 [INFO]  [ManageSurveyInMemory]:[51]- Load Survey were done : 
{INSTALACION=412299715, SRCIO_AL_CLI_PRESEN_REGIO_OLD=517263884, VENTAS=517268735, INSTALACION_VENTA=518419663, RECLAMOS_TECNICOS=518418917, RECLAMOS_TECNICOS_OLD=517263209, INSTALACION_VENTA_OLD=518161958, SRCIO_AL_CLI_REMO_CC=518419541, RECLAMOS_CALL_CENTER=518385773, RECLAMOS_CALL_CENTER_OLD=517261026, RECLAMO_COMERCIALES=518419623, SRCIO_AL_CLI_REMO_CC_OLD=517248257, SRCIO_AL_CLI_PRESEN_REGIO=518419579, RECLAMO_COMERCIALES_OLD=412295940}
2025-03-02T01:11:35,072 [INFO]  [ManageSurveyInMemory]:[52]- Load Collectors were done : 
{RECLAMOS_CALL_CENTER_OLD_2=456531080, SRCIO_AL_CLI_REMO_CC_OLD_2=457825892, RECLAMOS_CALL_CENTER_OLD=455860598, INSTALACION_VENTA=456530761, INSTALACION_VENTA_OLD=456321601, RECLAMOS_TECNICOS_OLD_2=456528762, SRCIO_AL_CLI_REMO_CC=459036016, VENTAS=455860626, RECLAMO_COMERCIALES_OLD=430801480, SRCIO_AL_CLI_REMO_CC_OLD=455860545, RECLAMOS_TECNICOS_OLD=455860479, RECLAMO_COMERCIALES=456531015, SRCIO_AL_CLI_PRESEN_REGIO_OLD=455860577, RECLAMOS_CALL_CENTER=458466162, SRCIO_AL_CLI_PRESEN_REGIO_OLDV2=456530972, SRCIO_AL_CLI_PRESEN_REGIO=456530972, INSTALACION=430801485, RECLAMOS_TECNICOS_OLD3=457916033, RECLAMOS_TECNICOS=459289929}
2025-03-02T01:11:35,072 [INFO]  [ManageSurveyInMemory]:[53]- Load Messages were done : 
{RECLAMOS_CALL_CENTER_OLD_2=117261514, SRCIO_AL_CLI_REMO_CC_OLD_2=119906568, RECLAMOS_CALL_CENTER_OLD=116122193, INSTALACION_VENTA=117260893, INSTALACION_VENTA_OLD=116901295, RECLAMOS_TECNICOS_OLD_2=117256809, SRCIO_AL_CLI_REMO_CC=122168073, VENTAS=116122246, RECLAMO_COMERCIALES_OLD=116122230, SRCIO_AL_CLI_REMO_CC_OLD=116122068, RECLAMOS_TECNICOS_OLD=116121988, RECLAMO_COMERCIALES=117261266, SRCIO_AL_CLI_PRESEN_REGIO_OLD=116122149, RECLAMOS_CALL_CENTER=121149927, SRCIO_AL_CLI_PRESEN_REGIO=117261202, INSTALACION=116122237, RECLAMOS_TECNICOS_OLD3=120075869, RECLAMOS_TECNICOS=122872978, SRCIO_AL_CLI_REMO_CC_OLDV2=117261111}
2025-03-02T01:11:35,072 [INFO]  [ManageSurveyInMemory]:[54]- Load Conctact List were done : 
{INSTALACION=255975980, VENTAS=255975976, SRCIO_AL_CLI_REMO_CC_OLD_V2=260265556, INSTALACION_VENTA=268262346, RECLAMOS_TECNICOS=268262343, RECLAMOS_TECNICOS_OLD=255975963, RECLAMOS_TECNICOS_OLD_2=260346074, SRCIO_AL_CLI_REMO_CC=268262336, RECLAMOS_CALL_CENTER_OLD_2=262314150, RECLAMOS_CALL_CENTER=268262323, RECLAMOS_CALL_CENTER_OLD=255975961, SRCIO_AL_CLI_REMO_CC_OLD3=263081302, RECLAMO_COMERCIALES=268262359, SRCIO_AL_CLI_REMO_CC_OLD=255975971, SRCIO_AL_CLI_PRESEN_REGIO=268262353}
2025-03-02T01:11:35,097 [INFO]  [AxsScheduler]:[72]- +++++++++++CRON AXS SERVICE INICIO+++++++++++++
2025-03-02T01:11:37,697 [INFO]  [EndpointLinksResolver]:[58]- Exposing 3 endpoint(s) beneath base path '/actuator'
2025-03-02T01:11:37,934 [INFO]  [AxsServiceApplicationTests]:[56]- Started AxsServiceApplicationTests in 12.998 seconds (process running for 19.239)
2025-03-02T01:11:41,185 [INFO]  [HikariDataSource]:[350]- HikariPool-1 - Shutdown initiated...
2025-03-02T01:11:42,120 [INFO]  [HikariDataSource]:[352]- HikariPool-1 - Shutdown completed.
